# JRE version: Java(TM) SE Runtime Environment (13.0.1+9) (build 13.0.1+9)
# Java VM: Java HotSpot(TM) 64-Bit Server VM (13.0.1+9, mixed mode, sharing, tiered, compressed oops, g1 gc, windows-amd64)
Heap:
 garbage-first heap   total 1803264K, used 269312K [0x0000000702600000, 0x0000000800000000)
  region size 1024K, 15 young (15360K), 15 survivors (15360K)
 Metaspace       used 369K, capacity 4566K, committed 4864K, reserved 1056768K
  class space    used 14K, capacity 390K, committed 512K, reserved 1048576K
GC Heap History (17 events):
Event: 0.143 GC heap before
{Heap before GC invocations=0 (full 0):
 garbage-first heap   total 260096K, used 24576K [0x0000000702600000, 0x0000000800000000)
  region size 1024K, 24 young (24576K), 0 survivors (0K)
 Metaspace       used 349K, capacity 4566K, committed 4864K, reserved 1056768K
  class space    used 14K, capacity 390K, committed 512K, reserved 1048576K
}
Event: 0.151 GC heap after
{Heap after GC invocations=1 (full 0):
 garbage-first heap   total 260096K, used 11122K [0x0000000702600000, 0x0000000800000000)
  region size 1024K, 3 young (3072K), 3 survivors (3072K)
 Metaspace       used 349K, capacity 4566K, committed 4864K, reserved 1056768K
  class space    used 14K, capacity 390K, committed 512K, reserved 1048576K
}
Event: 0.176 GC heap before
{Heap before GC invocations=1 (full 0):
 garbage-first heap   total 260096K, used 26482K [0x0000000702600000, 0x0000000800000000)
  region size 1024K, 18 young (18432K), 3 survivors (3072K)
 Metaspace       used 356K, capacity 4566K, committed 4864K, reserved 1056768K
  class space    used 14K, capacity 390K, committed 512K, reserved 1048576K
}
Event: 0.183 GC heap after
{Heap after GC invocations=2 (full 0):
 garbage-first heap   total 260096K, used 19181K [0x0000000702600000, 0x0000000800000000)
  region size 1024K, 3 young (3072K), 3 survivors (3072K)
 Metaspace       used 356K, capacity 4566K, committed 4864K, reserved 1056768K
  class space    used 14K, capacity 390K, committed 512K, reserved 1048576K
}
Event: 0.226 GC heap before
{Heap before GC invocations=2 (full 0):
 garbage-first heap   total 260096K, used 49901K [0x0000000702600000, 0x0000000800000000)
  region size 1024K, 33 young (33792K), 3 survivors (3072K)
 Metaspace       used 369K, capacity 4566K, committed 4864K, reserved 1056768K
  class space    used 14K, capacity 390K, committed 512K, reserved 1048576K
}
Event: 0.238 GC heap after
{Heap after GC invocations=3 (full 0):
 garbage-first heap   total 260096K, used 34776K [0x0000000702600000, 0x0000000800000000)
  region size 1024K, 5 young (5120K), 5 survivors (5120K)
 Metaspace       used 369K, capacity 4566K, committed 4864K, reserved 1056768K
  class space    used 14K, capacity 390K, committed 512K, reserved 1048576K
}
Event: 0.299 GC heap before
{Heap before GC invocations=3 (full 0):
 garbage-first heap   total 260096K, used 75736K [0x0000000702600000, 0x0000000800000000)
  region size 1024K, 45 young (46080K), 5 survivors (5120K)
 Metaspace       used 369K, capacity 4566K, committed 4864K, reserved 1056768K
  class space    used 14K, capacity 390K, committed 512K, reserved 1048576K
}
Event: 0.314 GC heap after
{Heap after GC invocations=4 (full 0):
 garbage-first heap   total 260096K, used 56260K [0x0000000702600000, 0x0000000800000000)
  region size 1024K, 6 young (6144K), 6 survivors (6144K)
 Metaspace       used 369K, capacity 4566K, committed 4864K, reserved 1056768K
  class space    used 14K, capacity 390K, committed 512K, reserved 1048576K
}
Event: 0.390 GC heap before
{Heap before GC invocations=4 (full 0):
 garbage-first heap   total 260096K, used 108484K [0x0000000702600000, 0x0000000800000000)
  region size 1024K, 57 young (58368K), 6 survivors (6144K)
 Metaspace       used 369K, capacity 4566K, committed 4864K, reserved 1056768K
  class space    used 14K, capacity 390K, committed 512K, reserved 1048576K
}
Event: 0.414 GC heap after
{Heap after GC invocations=5 (full 0):
 garbage-first heap   total 601088K, used 83968K [0x0000000702600000, 0x0000000800000000)
  region size 1024K, 8 young (8192K), 8 survivors (8192K)
 Metaspace       used 369K, capacity 4566K, committed 4864K, reserved 1056768K
  class space    used 14K, capacity 390K, committed 512K, reserved 1048576K
}
Event: 0.509 GC heap before
{Heap before GC invocations=5 (full 0):
 garbage-first heap   total 601088K, used 150528K [0x0000000702600000, 0x0000000800000000)
  region size 1024K, 73 young (74752K), 8 survivors (8192K)
 Metaspace       used 369K, capacity 4566K, committed 4864K, reserved 1056768K
  class space    used 14K, capacity 390K, committed 512K, reserved 1048576K
}
Event: 0.532 GC heap after
{Heap after GC invocations=6 (full 0):
 garbage-first heap   total 601088K, used 119932K [0x0000000702600000, 0x0000000800000000)
  region size 1024K, 10 young (10240K), 10 survivors (10240K)
 Metaspace       used 369K, capacity 4566K, committed 4864K, reserved 1056768K
  class space    used 14K, capacity 390K, committed 512K, reserved 1048576K
}
Event: 0.631 GC heap before
{Heap before GC invocations=6 (full 0):
 garbage-first heap   total 601088K, used 198780K [0x0000000702600000, 0x0000000800000000)
  region size 1024K, 88 young (90112K), 10 survivors (10240K)
 Metaspace       used 369K, capacity 4566K, committed 4864K, reserved 1056768K
  class space    used 14K, capacity 390K, committed 512K, reserved 1048576K
}
Event: 0.654 GC heap after
{Heap after GC invocations=7 (full 0):
 garbage-first heap   total 601088K, used 162816K [0x0000000702600000, 0x0000000800000000)
  region size 1024K, 11 young (11264K), 11 survivors (11264K)
 Metaspace       used 369K, capacity 4566K, committed 4864K, reserved 1056768K
  class space    used 14K, capacity 390K, committed 512K, reserved 1048576K
}
Event: 0.763 GC heap before
{Heap before GC invocations=7 (full 0):
 garbage-first heap   total 601088K, used 258048K [0x0000000702600000, 0x0000000800000000)
  region size 1024K, 105 young (107520K), 11 survivors (11264K)
 Metaspace       used 369K, capacity 4566K, committed 4864K, reserved 1056768K
  class space    used 14K, capacity 390K, committed 512K, reserved 1048576K
}
Event: 0.791 GC heap after
{Heap after GC invocations=8 (full 0):
 garbage-first heap   total 601088K, used 215874K [0x0000000702600000, 0x0000000800000000)
  region size 1024K, 14 young (14336K), 14 survivors (14336K)
 Metaspace       used 369K, capacity 4566K, committed 4864K, reserved 1056768K
  class space    used 14K, capacity 390K, committed 512K, reserved 1048576K
}
Event: 0.917 GC heap before
{Heap before GC invocations=8 (full 0):
 garbage-first heap   total 601088K, used 322370K [0x0000000702600000, 0x0000000800000000)
  region size 1024K, 118 young (120832K), 14 survivors (14336K)
 Metaspace       used 369K, capacity 4566K, committed 4864K, reserved 1056768K
  class space    used 14K, capacity 390K, committed 512K, reserved 1048576K
}

