# JRE version: OpenJDK Runtime Environment Temurin-17+35 (17.0+35) (build 17+35)
# Java VM: OpenJDK 64-Bit Server VM Temurin-17+35 (17+35, mixed mode, tiered, compressed oops, compressed class ptrs, g1 gc, windows-amd64)
GC Precious Log:
 CPUs: 4 total, 4 available
 Memory: 8062M
 Large Page Support: Disabled
 NUMA Support: Disabled
 Compressed Oops: Enabled (32-bit)
 Heap Region Size: 1M
 Heap Min Capacity: 8M
 Heap Initial Capacity: 126M
 Heap Max Capacity: 2016M
 Pre-touch: Disabled
 Parallel Workers: 4
 Concurrent Workers: 1
 Concurrent Refinement Workers: 4
 Periodic GC: Disabled
Heap:
 garbage-first heap   total 347136K, used 130048K [0x0000000082000000, 0x0000000100000000)
  region size 1024K, 8 young (8192K), 8 survivors (8192K)
 Metaspace       used 4002K, committed 4096K, reserved 1056768K
  class space    used 320K, committed 384K, reserved 1048576K
GC Heap History (17 events):
Event: 0.738 GC heap before
{Heap before GC invocations=0 (full 0):
 garbage-first heap   total 129024K, used 13312K [0x0000000082000000, 0x0000000100000000)
  region size 1024K, 13 young (13312K), 0 survivors (0K)
 Metaspace       used 3972K, committed 4096K, reserved 1056768K
  class space    used 320K, committed 384K, reserved 1048576K
}
Event: 0.750 GC heap after
{Heap after GC invocations=1 (full 0):
 garbage-first heap   total 129024K, used 6176K [0x0000000082000000, 0x0000000100000000)
  region size 1024K, 2 young (2048K), 2 survivors (2048K)
 Metaspace       used 3972K, committed 4096K, reserved 1056768K
  class space    used 320K, committed 384K, reserved 1048576K
}
Event: 0.811 GC heap before
{Heap before GC invocations=1 (full 0):
 garbage-first heap   total 129024K, used 14368K [0x0000000082000000, 0x0000000100000000)
  region size 1024K, 10 young (10240K), 2 survivors (2048K)
 Metaspace       used 3985K, committed 4096K, reserved 1056768K
  class space    used 320K, committed 384K, reserved 1048576K
}
Event: 0.848 GC heap after
{Heap after GC invocations=2 (full 0):
 garbage-first heap   total 129024K, used 10761K [0x0000000082000000, 0x0000000100000000)
  region size 1024K, 2 young (2048K), 2 survivors (2048K)
 Metaspace       used 3985K, committed 4096K, reserved 1056768K
  class space    used 320K, committed 384K, reserved 1048576K
}
Event: 0.900 GC heap before
{Heap before GC invocations=2 (full 0):
 garbage-first heap   total 129024K, used 25097K [0x0000000082000000, 0x0000000100000000)
  region size 1024K, 16 young (16384K), 2 survivors (2048K)
 Metaspace       used 3989K, committed 4096K, reserved 1056768K
  class space    used 320K, committed 384K, reserved 1048576K
}
Event: 0.920 GC heap after
{Heap after GC invocations=3 (full 0):
 garbage-first heap   total 129024K, used 17942K [0x0000000082000000, 0x0000000100000000)
  region size 1024K, 2 young (2048K), 2 survivors (2048K)
 Metaspace       used 3989K, committed 4096K, reserved 1056768K
  class space    used 320K, committed 384K, reserved 1048576K
}
Event: 1.008 GC heap before
{Heap before GC invocations=3 (full 0):
 garbage-first heap   total 129024K, used 38422K [0x0000000082000000, 0x0000000100000000)
  region size 1024K, 22 young (22528K), 2 survivors (2048K)
 Metaspace       used 4002K, committed 4096K, reserved 1056768K
  class space    used 320K, committed 384K, reserved 1048576K
}
Event: 1.038 GC heap after
{Heap after GC invocations=4 (full 0):
 garbage-first heap   total 129024K, used 28672K [0x0000000082000000, 0x0000000100000000)
  region size 1024K, 3 young (3072K), 3 survivors (3072K)
 Metaspace       used 4002K, committed 4096K, reserved 1056768K
  class space    used 320K, committed 384K, reserved 1048576K
}
Event: 1.092 GC heap before
{Heap before GC invocations=4 (full 0):
 garbage-first heap   total 129024K, used 57344K [0x0000000082000000, 0x0000000100000000)
  region size 1024K, 31 young (31744K), 3 survivors (3072K)
 Metaspace       used 4002K, committed 4096K, reserved 1056768K
  class space    used 320K, committed 384K, reserved 1048576K
}
Event: 1.187 GC heap after
{Heap after GC invocations=5 (full 0):
 garbage-first heap   total 347136K, used 44307K [0x0000000082000000, 0x0000000100000000)
  region size 1024K, 4 young (4096K), 4 survivors (4096K)
 Metaspace       used 4002K, committed 4096K, reserved 1056768K
  class space    used 320K, committed 384K, reserved 1048576K
}
Event: 1.245 GC heap before
{Heap before GC invocations=5 (full 0):
 garbage-first heap   total 347136K, used 70931K [0x0000000082000000, 0x0000000100000000)
  region size 1024K, 30 young (30720K), 4 survivors (4096K)
 Metaspace       used 4002K, committed 4096K, reserved 1056768K
  class space    used 320K, committed 384K, reserved 1048576K
}
Event: 1.282 GC heap after
{Heap after GC invocations=6 (full 0):
 garbage-first heap   total 347136K, used 58615K [0x0000000082000000, 0x0000000100000000)
  region size 1024K, 4 young (4096K), 4 survivors (4096K)
 Metaspace       used 4002K, committed 4096K, reserved 1056768K
  class space    used 320K, committed 384K, reserved 1048576K
}
Event: 1.337 GC heap before
{Heap before GC invocations=6 (full 0):
 garbage-first heap   total 347136K, used 92407K [0x0000000082000000, 0x0000000100000000)
  region size 1024K, 37 young (37888K), 4 survivors (4096K)
 Metaspace       used 4002K, committed 4096K, reserved 1056768K
  class space    used 320K, committed 384K, reserved 1048576K
}
Event: 1.374 GC heap after
{Heap after GC invocations=7 (full 0):
 garbage-first heap   total 347136K, used 77394K [0x0000000082000000, 0x0000000100000000)
  region size 1024K, 5 young (5120K), 5 survivors (5120K)
 Metaspace       used 4002K, committed 4096K, reserved 1056768K
  class space    used 320K, committed 384K, reserved 1048576K
}
Event: 1.438 GC heap before
{Heap before GC invocations=7 (full 0):
 garbage-first heap   total 347136K, used 120402K [0x0000000082000000, 0x0000000100000000)
  region size 1024K, 47 young (48128K), 5 survivors (5120K)
 Metaspace       used 4002K, committed 4096K, reserved 1056768K
  class space    used 320K, committed 384K, reserved 1048576K
}
Event: 1.466 GC heap after
{Heap after GC invocations=8 (full 0):
 garbage-first heap   total 347136K, used 101870K [0x0000000082000000, 0x0000000100000000)
  region size 1024K, 6 young (6144K), 6 survivors (6144K)
 Metaspace       used 4002K, committed 4096K, reserved 1056768K
  class space    used 320K, committed 384K, reserved 1048576K
}
Event: 1.551 GC heap before
{Heap before GC invocations=8 (full 0):
 garbage-first heap   total 347136K, used 155118K [0x0000000082000000, 0x0000000100000000)
  region size 1024K, 58 young (59392K), 6 survivors (6144K)
 Metaspace       used 4002K, committed 4096K, reserved 1056768K
  class space    used 320K, committed 384K, reserved 1048576K
}

