# JRE version: Java(TM) SE Runtime Environment (13.0.1+9) (build 13.0.1+9)
# Java VM: Java HotSpot(TM) 64-Bit Server VM (13.0.1+9, mixed mode, sharing, tiered, compressed oops, g1 gc, windows-amd64)
Heap:
 garbage-first heap   total 1606656K, used 235330K [0x0000000702600000, 0x0000000800000000)
  region size 1024K, 13 young (13312K), 13 survivors (13312K)
 Metaspace       used 369K, capacity 4566K, committed 4864K, reserved 1056768K
  class space    used 13K, capacity 390K, committed 512K, reserved 1048576K
GC Heap History (17 events):
Event: 0.423 GC heap before
{Heap before GC invocations=0 (full 0):
 garbage-first heap   total 260096K, used 23552K [0x0000000702600000, 0x0000000800000000)
  region size 1024K, 24 young (24576K), 0 survivors (0K)
 Metaspace       used 348K, capacity 4566K, committed 4864K, reserved 1056768K
  class space    used 13K, capacity 390K, committed 512K, reserved 1048576K
}
Event: 0.438 GC heap after
{Heap after GC invocations=1 (full 0):
 garbage-first heap   total 260096K, used 11120K [0x0000000702600000, 0x0000000800000000)
  region size 1024K, 3 young (3072K), 3 survivors (3072K)
 Metaspace       used 348K, capacity 4566K, committed 4864K, reserved 1056768K
  class space    used 13K, capacity 390K, committed 512K, reserved 1048576K
}
Event: 0.556 GC heap before
{Heap before GC invocations=1 (full 0):
 garbage-first heap   total 260096K, used 26480K [0x0000000702600000, 0x0000000800000000)
  region size 1024K, 18 young (18432K), 3 survivors (3072K)
 Metaspace       used 355K, capacity 4566K, committed 4864K, reserved 1056768K
  class space    used 13K, capacity 390K, committed 512K, reserved 1048576K
}
Event: 0.584 GC heap after
{Heap after GC invocations=2 (full 0):
 garbage-first heap   total 260096K, used 19426K [0x0000000702600000, 0x0000000800000000)
  region size 1024K, 3 young (3072K), 3 survivors (3072K)
 Metaspace       used 355K, capacity 4566K, committed 4864K, reserved 1056768K
  class space    used 13K, capacity 390K, committed 512K, reserved 1048576K
}
Event: 0.654 GC heap before
{Heap before GC invocations=2 (full 0):
 garbage-first heap   total 260096K, used 48098K [0x0000000702600000, 0x0000000800000000)
  region size 1024K, 31 young (31744K), 3 survivors (3072K)
 Metaspace       used 369K, capacity 4566K, committed 4864K, reserved 1056768K
  class space    used 13K, capacity 390K, committed 512K, reserved 1048576K
}
Event: 0.680 GC heap after
{Heap after GC invocations=3 (full 0):
 garbage-first heap   total 260096K, used 33792K [0x0000000702600000, 0x0000000800000000)
  region size 1024K, 4 young (4096K), 4 survivors (4096K)
 Metaspace       used 369K, capacity 4566K, committed 4864K, reserved 1056768K
  class space    used 13K, capacity 390K, committed 512K, reserved 1048576K
}
Event: 0.746 GC heap before
{Heap before GC invocations=3 (full 0):
 garbage-first heap   total 260096K, used 72704K [0x0000000702600000, 0x0000000800000000)
  region size 1024K, 42 young (43008K), 4 survivors (4096K)
 Metaspace       used 369K, capacity 4566K, committed 4864K, reserved 1056768K
  class space    used 13K, capacity 390K, committed 512K, reserved 1048576K
}
Event: 0.776 GC heap after
{Heap after GC invocations=4 (full 0):
 garbage-first heap   total 260096K, used 52718K [0x0000000702600000, 0x0000000800000000)
  region size 1024K, 6 young (6144K), 6 survivors (6144K)
 Metaspace       used 369K, capacity 4566K, committed 4864K, reserved 1056768K
  class space    used 13K, capacity 390K, committed 512K, reserved 1048576K
}
Event: 0.840 GC heap before
{Heap before GC invocations=4 (full 0):
 garbage-first heap   total 260096K, used 104942K [0x0000000702600000, 0x0000000800000000)
  region size 1024K, 57 young (58368K), 6 survivors (6144K)
 Metaspace       used 369K, capacity 4566K, committed 4864K, reserved 1056768K
  class space    used 13K, capacity 390K, committed 512K, reserved 1048576K
}
Event: 0.963 GC heap after
{Heap after GC invocations=5 (full 0):
 garbage-first heap   total 535552K, used 80119K [0x0000000702600000, 0x0000000800000000)
  region size 1024K, 8 young (8192K), 8 survivors (8192K)
 Metaspace       used 369K, capacity 4566K, committed 4864K, reserved 1056768K
  class space    used 13K, capacity 390K, committed 512K, reserved 1048576K
}
Event: 1.039 GC heap before
{Heap before GC invocations=5 (full 0):
 garbage-first heap   total 535552K, used 130295K [0x0000000702600000, 0x0000000800000000)
  region size 1024K, 58 young (59392K), 8 survivors (8192K)
 Metaspace       used 369K, capacity 4566K, committed 4864K, reserved 1056768K
  class space    used 13K, capacity 390K, committed 512K, reserved 1048576K
}
Event: 1.056 GC heap after
{Heap after GC invocations=6 (full 0):
 garbage-first heap   total 535552K, used 108501K [0x0000000702600000, 0x0000000800000000)
  region size 1024K, 8 young (8192K), 8 survivors (8192K)
 Metaspace       used 369K, capacity 4566K, committed 4864K, reserved 1056768K
  class space    used 13K, capacity 390K, committed 512K, reserved 1048576K
}
Event: 1.141 GC heap before
{Heap before GC invocations=6 (full 0):
 garbage-first heap   total 535552K, used 173013K [0x0000000702600000, 0x0000000800000000)
  region size 1024K, 72 young (73728K), 8 survivors (8192K)
 Metaspace       used 369K, capacity 4566K, committed 4864K, reserved 1056768K
  class space    used 13K, capacity 390K, committed 512K, reserved 1048576K
}
Event: 1.166 GC heap after
{Heap after GC invocations=7 (full 0):
 garbage-first heap   total 535552K, used 145056K [0x0000000702600000, 0x0000000800000000)
  region size 1024K, 9 young (9216K), 9 survivors (9216K)
 Metaspace       used 369K, capacity 4566K, committed 4864K, reserved 1056768K
  class space    used 13K, capacity 390K, committed 512K, reserved 1048576K
}
Event: 1.255 GC heap before
{Heap before GC invocations=7 (full 0):
 garbage-first heap   total 535552K, used 217760K [0x0000000702600000, 0x0000000800000000)
  region size 1024K, 80 young (81920K), 9 survivors (9216K)
 Metaspace       used 369K, capacity 4566K, committed 4864K, reserved 1056768K
  class space    used 13K, capacity 390K, committed 512K, reserved 1048576K
}
Event: 1.278 GC heap after
{Heap after GC invocations=8 (full 0):
 garbage-first heap   total 535552K, used 181760K [0x0000000702600000, 0x0000000800000000)
  region size 1024K, 10 young (10240K), 10 survivors (10240K)
 Metaspace       used 369K, capacity 4566K, committed 4864K, reserved 1056768K
  class space    used 13K, capacity 390K, committed 512K, reserved 1048576K
}
Event: 1.410 GC heap before
{Heap before GC invocations=8 (full 0):
 garbage-first heap   total 535552K, used 275968K [0x0000000702600000, 0x0000000800000000)
  region size 1024K, 103 young (105472K), 10 survivors (10240K)
 Metaspace       used 369K, capacity 4566K, committed 4864K, reserved 1056768K
  class space    used 13K, capacity 390K, committed 512K, reserved 1048576K
}

