# JRE version: Java(TM) SE Runtime Environment (13.0.1+9) (build 13.0.1+9)
# Java VM: Java HotSpot(TM) 64-Bit Server VM (13.0.1+9, mixed mode, sharing, tiered, compressed oops, g1 gc, windows-amd64)
Heap:
 garbage-first heap   total 1852416K, used 251670K [0x0000000702600000, 0x0000000800000000)
  region size 1024K, 14 young (14336K), 14 survivors (14336K)
 Metaspace       used 370K, capacity 4566K, committed 4864K, reserved 1056768K
  class space    used 14K, capacity 390K, committed 512K, reserved 1048576K
GC Heap History (17 events):
Event: 0.130 GC heap before
{Heap before GC invocations=0 (full 0):
 garbage-first heap   total 260096K, used 24576K [0x0000000702600000, 0x0000000800000000)
  region size 1024K, 24 young (24576K), 0 survivors (0K)
 Metaspace       used 343K, capacity 4566K, committed 4864K, reserved 1056768K
  class space    used 14K, capacity 390K, committed 512K, reserved 1048576K
}
Event: 0.138 GC heap after
{Heap after GC invocations=1 (full 0):
 garbage-first heap   total 260096K, used 11128K [0x0000000702600000, 0x0000000800000000)
  region size 1024K, 3 young (3072K), 3 survivors (3072K)
 Metaspace       used 343K, capacity 4566K, committed 4864K, reserved 1056768K
  class space    used 14K, capacity 390K, committed 512K, reserved 1048576K
}
Event: 0.166 GC heap before
{Heap before GC invocations=1 (full 0):
 garbage-first heap   total 260096K, used 26488K [0x0000000702600000, 0x0000000800000000)
  region size 1024K, 18 young (18432K), 3 survivors (3072K)
 Metaspace       used 362K, capacity 4566K, committed 4864K, reserved 1056768K
  class space    used 14K, capacity 390K, committed 512K, reserved 1048576K
}
Event: 0.173 GC heap after
{Heap after GC invocations=2 (full 0):
 garbage-first heap   total 260096K, used 19180K [0x0000000702600000, 0x0000000800000000)
  region size 1024K, 3 young (3072K), 3 survivors (3072K)
 Metaspace       used 362K, capacity 4566K, committed 4864K, reserved 1056768K
  class space    used 14K, capacity 390K, committed 512K, reserved 1048576K
}
Event: 0.216 GC heap before
{Heap before GC invocations=2 (full 0):
 garbage-first heap   total 260096K, used 49900K [0x0000000702600000, 0x0000000800000000)
  region size 1024K, 33 young (33792K), 3 survivors (3072K)
 Metaspace       used 370K, capacity 4566K, committed 4864K, reserved 1056768K
  class space    used 14K, capacity 390K, committed 512K, reserved 1048576K
}
Event: 0.229 GC heap after
{Heap after GC invocations=3 (full 0):
 garbage-first heap   total 260096K, used 35168K [0x0000000702600000, 0x0000000800000000)
  region size 1024K, 5 young (5120K), 5 survivors (5120K)
 Metaspace       used 370K, capacity 4566K, committed 4864K, reserved 1056768K
  class space    used 14K, capacity 390K, committed 512K, reserved 1048576K
}
Event: 0.281 GC heap before
{Heap before GC invocations=3 (full 0):
 garbage-first heap   total 260096K, used 76128K [0x0000000702600000, 0x0000000800000000)
  region size 1024K, 45 young (46080K), 5 survivors (5120K)
 Metaspace       used 370K, capacity 4566K, committed 4864K, reserved 1056768K
  class space    used 14K, capacity 390K, committed 512K, reserved 1048576K
}
Event: 0.296 GC heap after
{Heap after GC invocations=4 (full 0):
 garbage-first heap   total 260096K, used 56375K [0x0000000702600000, 0x0000000800000000)
  region size 1024K, 6 young (6144K), 6 survivors (6144K)
 Metaspace       used 370K, capacity 4566K, committed 4864K, reserved 1056768K
  class space    used 14K, capacity 390K, committed 512K, reserved 1048576K
}
Event: 0.359 GC heap before
{Heap before GC invocations=4 (full 0):
 garbage-first heap   total 260096K, used 108599K [0x0000000702600000, 0x0000000800000000)
  region size 1024K, 57 young (58368K), 6 survivors (6144K)
 Metaspace       used 370K, capacity 4566K, committed 4864K, reserved 1056768K
  class space    used 14K, capacity 390K, committed 512K, reserved 1048576K
}
Event: 0.454 GC heap after
{Heap after GC invocations=5 (full 0):
 garbage-first heap   total 617472K, used 84050K [0x0000000702600000, 0x0000000800000000)
  region size 1024K, 8 young (8192K), 8 survivors (8192K)
 Metaspace       used 370K, capacity 4566K, committed 4864K, reserved 1056768K
  class space    used 14K, capacity 390K, committed 512K, reserved 1048576K
}
Event: 0.537 GC heap before
{Heap before GC invocations=5 (full 0):
 garbage-first heap   total 617472K, used 140370K [0x0000000702600000, 0x0000000800000000)
  region size 1024K, 63 young (64512K), 8 survivors (8192K)
 Metaspace       used 370K, capacity 4566K, committed 4864K, reserved 1056768K
  class space    used 14K, capacity 390K, committed 512K, reserved 1048576K
}
Event: 0.557 GC heap after
{Heap after GC invocations=6 (full 0):
 garbage-first heap   total 617472K, used 115578K [0x0000000702600000, 0x0000000800000000)
  region size 1024K, 8 young (8192K), 8 survivors (8192K)
 Metaspace       used 370K, capacity 4566K, committed 4864K, reserved 1056768K
  class space    used 14K, capacity 390K, committed 512K, reserved 1048576K
}
Event: 0.644 GC heap before
{Heap before GC invocations=6 (full 0):
 garbage-first heap   total 617472K, used 177018K [0x0000000702600000, 0x0000000800000000)
  region size 1024K, 69 young (70656K), 8 survivors (8192K)
 Metaspace       used 370K, capacity 4566K, committed 4864K, reserved 1056768K
  class space    used 14K, capacity 390K, committed 512K, reserved 1048576K
}
Event: 0.664 GC heap after
{Heap after GC invocations=7 (full 0):
 garbage-first heap   total 617472K, used 151084K [0x0000000702600000, 0x0000000800000000)
  region size 1024K, 9 young (9216K), 9 survivors (9216K)
 Metaspace       used 370K, capacity 4566K, committed 4864K, reserved 1056768K
  class space    used 14K, capacity 390K, committed 512K, reserved 1048576K
}
Event: 0.791 GC heap before
{Heap before GC invocations=7 (full 0):
 garbage-first heap   total 617472K, used 239148K [0x0000000702600000, 0x0000000800000000)
  region size 1024K, 95 young (97280K), 9 survivors (9216K)
 Metaspace       used 370K, capacity 4566K, committed 4864K, reserved 1056768K
  class space    used 14K, capacity 390K, committed 512K, reserved 1048576K
}
Event: 0.816 GC heap after
{Heap after GC invocations=8 (full 0):
 garbage-first heap   total 617472K, used 195584K [0x0000000702600000, 0x0000000800000000)
  region size 1024K, 12 young (12288K), 12 survivors (12288K)
 Metaspace       used 370K, capacity 4566K, committed 4864K, reserved 1056768K
  class space    used 14K, capacity 390K, committed 512K, reserved 1048576K
}
Event: 0.941 GC heap before
{Heap before GC invocations=8 (full 0):
 garbage-first heap   total 617472K, used 293888K [0x0000000702600000, 0x0000000800000000)
  region size 1024K, 109 young (111616K), 12 survivors (12288K)
 Metaspace       used 370K, capacity 4566K, committed 4864K, reserved 1056768K
  class space    used 14K, capacity 390K, committed 512K, reserved 1048576K
}

